{"level":"info","ts":1746381343.7484634,"caller":"logger/logger.go:64","msg":"Logger initialized successfully","log_path":"./log"}
{"level":"info","ts":1746381343.7489743,"caller":"cmd/main.go:39","msg":"Application is starting with Gin Framework..."}
{"level":"info","ts":1746381343.7489743,"caller":"scheduler/scheduler.go:32","msg":"Scheduler started."}
{"level":"info","ts":1746381343.7489743,"caller":"cmd/main.go:59","msg":"Gin server listening on port 8080"}
{"level":"info","ts":1746381588.5820394,"caller":"cmd/main.go:70","msg":"Application is shutting down..."}
{"level":"info","ts":1746381588.5820394,"caller":"scheduler/scheduler.go:42","msg":"Scheduler stopped."}
{"level":"info","ts":1746381588.5820394,"caller":"cmd/main.go:75","msg":"Gin server shutting down..."}
{"level":"info","ts":1746381588.582653,"caller":"cmd/main.go:78","msg":"Application has stopped."}
{"level":"info","ts":"2025-05-05T01:04:43+07:00","caller":"logger/logger.go:50","msg":"Logger initialized successfully","log_path":"./log"}
{"level":"info","ts":"2025-05-05T01:04:43+07:00","caller":"cmd/main.go:39","msg":"Application is starting with Gin Framework..."}
{"level":"info","ts":"2025-05-05T01:04:43+07:00","caller":"scheduler/scheduler.go:32","msg":"Scheduler started."}
{"level":"info","ts":"2025-05-05T01:04:43+07:00","caller":"cmd/main.go:59","msg":"Gin server listening on port 8080"}
{"level":"info","ts":"2025-05-05T01:12:56+07:00","caller":"cmd/main.go:70","msg":"Application is shutting down..."}
{"level":"info","ts":"2025-05-05T01:12:56+07:00","caller":"scheduler/scheduler.go:42","msg":"Scheduler stopped."}
{"level":"info","ts":"2025-05-05T01:12:56+07:00","caller":"cmd/main.go:75","msg":"Gin server shutting down..."}
{"level":"info","ts":"2025-05-05T01:12:56+07:00","caller":"cmd/main.go:78","msg":"Application has stopped."}
{"level":"info","ts":"2025-05-05T01:21:31+07:00","caller":"logger/logger.go:50","msg":"Logger initialized successfully","log_path":"./log"}
{"level":"info","ts":"2025-05-05T01:21:31+07:00","caller":"cmd/main.go:39","msg":"Application is starting with Gin Framework..."}
{"level":"info","ts":"2025-05-05T01:21:31+07:00","caller":"scheduler/scheduler.go:32","msg":"Scheduler started."}
{"level":"info","ts":"2025-05-05T01:21:31+07:00","caller":"cmd/main.go:59","msg":"Gin server listening on port 8080"}
{"level":"info","ts":"2025-05-05T01:39:57+07:00","caller":"cmd/main.go:70","msg":"Application is shutting down..."}
{"level":"info","ts":"2025-05-05T01:39:57+07:00","caller":"scheduler/scheduler.go:42","msg":"Scheduler stopped."}
{"level":"info","ts":"2025-05-05T01:39:57+07:00","caller":"cmd/main.go:75","msg":"Gin server shutting down..."}
{"level":"info","ts":"2025-05-05T01:39:57+07:00","caller":"cmd/main.go:77","msg":"Application has stopped."}
{"level":"info","ts":"2025-05-05T01:40:22+07:00","caller":"logger/logger.go:50","msg":"Logger initialized successfully","log_path":"./log"}
{"level":"info","ts":"2025-05-05T01:40:22+07:00","caller":"cmd/main.go:39","msg":"Application is starting with Gin Framework..."}
{"level":"info","ts":"2025-05-05T01:40:22+07:00","caller":"scheduler/scheduler.go:32","msg":"Scheduler started."}
{"level":"info","ts":"2025-05-05T01:40:22+07:00","caller":"cmd/main.go:59","msg":"Gin server listening on port 8080"}
{"level":"info","ts":"2025-05-05T01:40:36+07:00","caller":"cmd/main.go:70","msg":"Application is shutting down..."}
{"level":"info","ts":"2025-05-05T01:40:36+07:00","caller":"scheduler/scheduler.go:42","msg":"Scheduler stopped."}
{"level":"info","ts":"2025-05-05T01:40:36+07:00","caller":"cmd/main.go:75","msg":"Gin server shutting down..."}
{"level":"info","ts":"2025-05-05T01:40:36+07:00","caller":"cmd/main.go:77","msg":"Application has stopped."}
{"level":"info","ts":"2025-05-06T21:44:07+07:00","caller":"logger/logger.go:50","msg":"Logger initialized successfully","log_path":"./log"}
{"level":"info","ts":"2025-05-06T21:44:07+07:00","caller":"cmd/main.go:39","msg":"Application is starting with Gin Framework..."}
{"level":"info","ts":"2025-05-06T21:44:07+07:00","caller":"scheduler/scheduler.go:32","msg":"Scheduler started."}
{"level":"info","ts":"2025-05-06T21:44:07+07:00","caller":"cmd/main.go:59","msg":"Gin server listening on port 8080"}
{"level":"info","ts":"2025-05-06T21:44:15+07:00","caller":"cmd/main.go:70","msg":"Application is shutting down..."}
{"level":"info","ts":"2025-05-06T21:44:15+07:00","caller":"scheduler/scheduler.go:42","msg":"Scheduler stopped."}
{"level":"info","ts":"2025-05-06T21:44:15+07:00","caller":"cmd/main.go:75","msg":"Gin server shutting down..."}
{"level":"info","ts":"2025-05-06T21:44:15+07:00","caller":"cmd/main.go:77","msg":"Application has stopped."}
{"level":"info","ts":"2025-05-06T21:48:57+07:00","caller":"logger/logger.go:50","msg":"Logger initialized successfully","log_path":"./log"}
{"level":"info","ts":"2025-05-06T21:48:57+07:00","caller":"cmd/main.go:39","msg":"Application is starting with Gin Framework..."}
{"level":"info","ts":"2025-05-06T21:48:57+07:00","caller":"scheduler/scheduler.go:32","msg":"Scheduler started."}
{"level":"info","ts":"2025-05-06T21:48:57+07:00","caller":"cmd/main.go:59","msg":"Gin server listening on port 8080"}
{"level":"info","ts":"2025-05-06T21:49:07+07:00","caller":"cmd/main.go:70","msg":"Application is shutting down..."}
{"level":"info","ts":"2025-05-06T21:49:07+07:00","caller":"scheduler/scheduler.go:42","msg":"Scheduler stopped."}
{"level":"info","ts":"2025-05-06T21:49:07+07:00","caller":"cmd/main.go:75","msg":"Gin server shutting down..."}
{"level":"info","ts":"2025-05-06T21:49:07+07:00","caller":"cmd/main.go:77","msg":"Application has stopped."}
